33 4 409 221 211 49 47 54 100 32 3 3
39 6 400 301 296 77 67 62 186 48 13 2
31 2 387 197 175 43 50 31 51 11 1 0
29 4 388 161 167 37 41 59 98 18 4 2
31 3 404 192 173 48 52 36 78 15 3 0
28 4 386 155 144 37 42 59 88 24 5 1
33 6 385 211 209 55 53 74 157 41 12 3
25 3 356 125 110 31 34 44 64 11 2 1
33 4 392 215 199 55 59 46 101 31 6 0
42 3 455 318 363 87 93 26 106 20 2 1
25 7 346 124 113 32 31 96 134 41 20 1
31 0 415 184 178 44 59 0 0 0 0 0
37 2 437 266 267 74 59 25 56 18 1 0
28 4 404 145 156 42 35 50 89 23 4 2
33 4 400 202 212 58 56 45 101 31 5 1
33 3 429 221 204 51 52 39 76 23 1 2
31 3 410 180 173 60 52 43 71 22 3 0
32 5 393 195 202 45 54 60 130 30 9 1
32 4 384 195 191 60 50 57 99 29 5 1
34 2 432 210 230 54 67 23 52 16 1 0
27 4 347 141 127 41 42 53 85 23 4 2
27 2 363 143 132 37 39 41 48 6 1 0
31 4 403 170 181 64 50 44 106 18 4 2
33 3 428 222 209 50 47 39 77 22 3 0
35 1 436 233 223 71 68 16 28 7 0 0
34 4 426 226 216 59 60 44 101 35 6 0
30 7 348 170 181 46 38 95 169 41 17 4
25 5 334 127 117 29 27 59 96 29 8 2
33 2 430 224 204 46 54 19 59 7 1 0
27 3 356 151 133 31 36 43 61 20 3 0
34 1 442 234 211 54 62 10 27 7 0 0
30 8 368 172 170 52 41 90 197 43 27 1
34 5 416 213 225 72 51 49 136 34 5 5
29 1 401 165 162 43 36 11 25 4 0 0
31 1 426 184 174 54 53 10 26 5 0 0
32 7 396 187 218 33 58 87 176 48 20 1
42 1 472 365 329 76 91 18 32 10 0 0
40 4 445 301 331 74 74 44 123 37 5 1
28 7 342 136 169 24 49 86 156 40 20 1
29 4 388 172 156 38 40 57 95 21 4 2
30 6 363 172 168 52 43 85 146 34 12 3
35 10 376 261 229 45 60 110 287 63 36 9
29 2 363 170 149 40 47 25 42 16 1 0
40 3 427 277 331 87 85 34 99 21 3 0
41 5 435 336 327 72 85 55 167 38 8 2
32 5 409 186 223 34 53 71 127 33 6 4
41 5 409 342 318 76 84 59 175 30 9 1
36 3 402 244 246 79 61 37 85 23 3 0
26 5 390 134 122 31 38 66 102 28 8 2
32 2 426 193 197 54 52 22 51 13 1 0
32 5 418 205 185 50 56 60 128 32 9 1
33 3 412 227 210 43 48 29 82 17 3 0
18 4 269 62 55 18 18 59 54 18 6 0
33 3 426 218 208 52 50 43 72 27 3 0
37 3 405 255 275 67 69 34 85 26 2 1
25 3 371 124 109 30 37 40 64 11 2 1
26 5 337 118 132 42 33 69 109 21 9 1
35 6 433 246 240 60 49 61 173 37 13 2
24 3 340 108 103 35 30 42 62 10 3 0
33 1 423 228 195 44 61 10 25 8 0 0
42 3 426 306 366 99 90 38 104 22 2 1
29 5 363 171 159 39 37 67 106 39 8 2
33 1 423 203 209 63 53 14 24 9 0 0
33 2 415 191 233 51 53 26 55 11 1 0
42 1 456 331 360 85 85 10 28 14 0 0
33 4 418 205 215 47 61 50 113 19 4 2
37 2 446 245 266 85 70 19 60 14 1 0
28 4 367 153 156 34 35 48 92 20 5 1
34 6 373 231 229 42 59 79 162 42 13 2
41 4 438 315 346 75 84 45 138 26 5 1
28 3 372 145 149 47 37 53 68 16 3 0
35 2 448 246 239 60 50 28 51 19 1 0
25 5 339 115 110 41 34 63 96 29 7 3
22 2 307 96 85 24 26 26 37 7 1 0
31 2 385 181 177 59 48 29 52 10 1 0
27 6 349 143 140 37 31 76 124 38 12 3
34 5 409 207 242 46 66 50 133 37 9 1
24 5 331 109 121 26 20 81 97 23 8 2
23 4 363 105 102 25 21 58 75 17 4 2
25 6 332 120 120 30 30 74 125 25 12 3
30 1 383 165 165 56 49 15 25 5 0 0
31 5 377 190 180 50 45 53 119 36 8 2
33 3 409 196 228 56 48 39 81 18 3 0
28 6 380 153 138 39 48 72 140 28 14 1
37 4 414 267 263 75 61 49 115 33 4 2
35 2 434 228 247 48 72 27 59 11 1 0
32 1 424 204 198 48 46 15 21 11 0 0
31 5 396 202 183 38 42 66 130 25 7 3
30 6 392 177 172 44 42 76 134 46 13 2
32 6 393 194 195 58 49 71 157 35 13 2
27 4 370 146 143 36 26 60 78 30 6 0
30 3 398 183 167 38 47 34 70 20 0 3
27 3 380 131 153 31 36 44 66 15 2 1
37 4 420 269 267 61 69 54 116 32 6 0
39 3 446 257 337 67 80 36 97 20 3 0
33 4 419 202 223 50 53 43 108 24 3 3
30 5 360 185 154 39 57 65 122 28 10 0
31 1 407 179 184 61 41 9 22 9 0 0
35 4 418 222 254 42 77 48 114 26 4 2
26 3 378 125 128 43 29 40 61 17 2 1
27 5 337 140 133 42 36 67 106 29 7 3
26 5 341 135 126 30 34 75 104 26 6 4
35 4 442 256 228 50 61 44 115 25 6 0
35 7 406 256 239 50 50 91 198 47 13 8
31 5 406 184 173 54 54 56 128 27 8 2
30 5 377 172 172 53 38 71 124 26 6 4
26 3 369 127 142 26 30 45 63 15 3 0
23 5 335 96 102 30 25 63 87 28 9 1
34 4 406 235 217 50 59 52 98 38 6 0
34 6 392 228 225 52 56 71 159 45 13 2
29 5 375 169 157 35 45 72 113 32 6 4
32 7 393 199 202 41 54 96 183 41 16 5
34 6 390 234 221 54 52 83 164 40 11 4
27 5 378 149 129 31 42 66 105 30 8 2
25 4 359 122 111 32 35 44 78 22 3 3
32 4 408 194 194 61 47 51 109 19 4 2
34 4 400 217 233 56 55 53 111 25 5 1
33 6 395 227 207 43 51 70 169 29 14 1
27 2 397 136 138 44 33 30 43 11 1 0
38 6 430 273 310 63 57 63 177 51 11 4
38 8 402 285 281 72 65 81 250 54 20 8
24 5 320 121 101 22 32 84 100 20 6 4
32 5 405 203 205 37 51 54 132 28 5 5
32 3 430 201 203 46 46 33 81 15 2 1
30 6 372 155 195 34 51 73 144 36 12 3
30 5 394 176 168 40 51 62 127 23 8 2
22 5 296 79 107 26 19 64 85 25 8 2
32 8 376 174 228 46 48 96 208 48 24 4
36 4 411 257 252 58 63 54 113 31 4 2
32 4 380 203 196 52 45 61 103 25 5 1
32 2 409 199 196 53 48 25 50 14 1 0
40 3 443 310 303 86 81 26 97 23 3 0
31 6 378 179 180 59 47 71 143 43 13 2
38 6 417 291 281 61 70 66 180 48 9 6
27 2 382 132 138 44 37 32 39 15 1 0
29 4 368 159 158 45 44 46 90 26 6 0
31 5 393 184 191 54 36 70 121 34 8 2
23 3 346 95 102 31 25 37 56 13 3 0
36 9 354 256 247 67 60 91 252 72 31 5
27 6 351 153 134 29 35 89 126 36 12 3
29 7 374 162 167 36 41 75 165 38 18 3
38 3 410 274 292 62 75 48 94 20 2 1
26 4 374 133 123 35 34 56 85 19 5 1
34 3 415 208 249 45 59 41 73 29 1 2
36 3 443 263 250 61 56 40 82 26 3 0
27 4 380 132 140 44 35 54 92 16 6 0
34 1 425 232 214 56 59 11 32 2 0 0
35 4 420 198 273 52 72 47 114 26 5 1
32 2 404 205 186 47 58 28 52 12 0 1
31 2 402 190 177 48 50 29 54 8 1 0
24 2 332 104 108 40 24 32 39 9 1 0
34 1 454 203 242 50 66 8 31 3 0 0
27 5 383 118 160 34 39 65 108 27 8 2
24 4 352 114 104 29 29 65 77 19 5 1
32 4 398 223 191 32 50 53 104 24 4 2
36 8 377 252 248 63 67 105 243 45 19 9
38 5 411 280 280 72 71 64 153 37 7 3
23 6 325 109 91 23 30 86 113 25 11 4
40 5 421 316 309 84 71 45 159 41 7 3
25 4 351 126 128 24 22 57 76 24 5 1
29 4 389 171 170 37 28 53 90 26 5 1
37 2 450 272 261 64 69 28 56 18 1 0
31 3 385 205 174 29 57 37 72 21 3 0
38 3 436 251 308 61 83 38 92 22 2 1
36 2 448 260 251 64 55 27 60 12 1 0
32 3 409 199 192 53 52 37 76 20 3 0
23 3 353 103 96 29 25 35 48 21 2 1
27 1 401 141 133 41 36 16 16 11 0 0
28 3 383 151 147 44 36 36 63 21 3 0
37 6 411 282 258 60 66 59 174 48 13 2
36 1 432 260 244 64 62 19 31 5 0 0
26 3 378 139 114 29 43 51 66 12 1 2
31 3 404 189 174 51 51 38 78 15 2 1
27 2 360 135 140 45 31 44 41 13 1 0
27 4 382 134 144 42 31 53 86 22 4 2
28 4 366 145 163 35 35 65 81 31 6 0
26 2 367 130 125 38 32 34 39 13 1 0
37 3 411 272 270 64 60 41 88 23 3 0
24 3 368 117 113 18 28 37 56 16 2 1
37 2 425 264 271 78 53 25 54 20 0 1
33 4 405 200 214 66 48 54 100 32 5 1
43 7 413 370 362 90 81 59 244 57 17 4
27 6 373 144 146 32 29 66 129 33 14 1
33 4 386 193 225 59 51 51 101 31 6 0
36 5 427 248 254 60 68 51 149 31 8 2
28 3 385 157 145 39 37 30 69 15 3 0
28 3 369 148 155 39 36 52 69 15 3 0
37 2 436 252 264 78 72 28 58 16 1 0
37 7 401 270 253 72 71 71 213 46 18 3
32 8 368 175 208 56 57 85 206 50 21 7
28 5 384 160 145 36 37 57 112 28 8 2
37 2 430 268 263 72 63 19 57 17 1 0
31 4 394 180 192 54 39 48 94 30 5 1
31 3 400 182 187 56 40 42 74 19 3 0
41 6 384 337 324 83 76 62 189 57 14 1
26 4 342 122 129 43 31 52 85 19 5 1
27 2 368 138 142 42 29 30 39 15 1 0
32 4 400 193 206 38 59 47 107 21 4 2
41 5 425 345 315 73 87 57 166 39 7 3
26 1 361 132 128 33 32 15 23 3 0 0
30 8 356 173 180 43 39 106 204 36 20 8
31 2 392 188 196 40 41 20 55 7 1 0
33 4 413 214 197 58 59 56 104 28 4 2
32 2 417 187 207 53 49 22 49 15 1 0
31 4 390 175 197 35 58 54 99 25 6 0
33 1 439 207 199 59 63 9 27 6 0 0
30 5 390 176 179 48 32 55 108 42 9 1
29 3 380 162 156 46 42 34 74 13 2 1
39 3 431 312 296 66 67 36 99 18 2 1
35 6 382 231 243 55 66 76 165 45 12 3
27 5 363 146 140 36 29 77 104 31 8 2
31 1 418 186 178 48 53 17 23 8 0 0
36 5 403 254 262 54 60 67 141 39 9 1
31 3 401 188 194 40 43 34 70 23 3 0
23 3 366 97 93 35 28 33 57 12 3 0
24 8 345 111 106 33 26 100 154 38 23 5
34 7 383 207 258 46 50 84 184 54 18 3
32 3 410 197 198 50 51 28 77 19 3 0
25 3 364 125 114 31 30 39 58 17 3 0
25 6 343 124 121 32 23 79 119 31 13 2
35 3 418 252 228 54 61 33 76 29 3 0
35 5 369 237 230 69 59 69 137 38 7 3
39 4 421 279 316 71 75 47 118 38 5 1
31 5 382 199 184 35 47 72 116 39 6 4
28 4 374 162 144 33 39 51 92 20 5 1
27 4 384 137 132 45 37 42 86 22 6 0
27 5 345 156 130 26 39 71 98 37 10 0
35 5 423 237 227 67 64 64 152 23 9 1
33 3 417 204 216 56 52 31 78 21 3 0
30 4 395 181 179 40 35 48 101 19 6 0
37 2 416 270 261 70 65 27 54 20 1 0
35 7 387 244 243 62 46 82 192 53 17 4
42 4 451 335 338 90 98 39 136 32 5 1
34 4 437 224 222 64 51 40 115 21 5 1
34 3 414 197 234 67 63 33 83 19 1 2
30 6 367 175 172 46 42 72 138 42 10 5
35 3 400 242 231 64 58 32 85 20 3 0
29 5 376 173 151 37 45 80 122 23 9 1
23 6 346 100 100 30 23 82 105 33 13 2
32 5 400 192 200 48 56 65 134 26 8 2
34 6 372 223 227 50 61 70 160 44 13 2
31 2 413 192 184 48 41 21 46 16 1 0
29 4 412 160 162 50 34 57 94 22 5 1
27 6 360 150 133 30 38 82 132 30 14 1
42 5 411 357 338 80 86 59 170 40 6 4
34 5 392 236 219 53 53 72 143 27 9 1
41 3 450 328 329 80 83 23 103 20 2 1
26 5 358 133 115 35 42 64 114 16 9 1
22 4 301 87 87 33 24 60 69 19 4 2
34 2 440 219 233 45 64 30 55 13 1 0
27 3 387 152 132 28 39 53 65 16 3 0
33 3 407 218 194 54 62 43 83 16 2 1
31 8 374 187 191 41 46 86 206 42 23 5
33 3 413 219 211 53 45 39 78 21 3 0
35 7 390 229 256 57 53 86 186 59 16 5
30 3 393 169 171 52 43 41 77 13 3 0
29 4 404 171 151 37 47 50 88 28 4 2
35 2 460 252 228 54 61 21 64 6 1 0
32 2 423 198 185 57 56 21 56 8 1 0
45 3 445 400 397 94 99 34 109 26 2 1
35 6 402 217 267 59 52 73 156 54 13 2
39 5 429 285 303 75 78 56 157 38 9 1
35 3 429 244 234 62 55 35 84 21 3 0
35 2 442 243 230 57 65 22 56 14 0 1
34 6 424 225 233 48 55 65 163 41 14 1
26 1 384 132 128 33 32 11 24 2 0 0
24 6 324 112 110 28 26 76 113 31 11 4
26 4 383 126 130 34 35 43 82 22 5 1
32 3 405 199 201 53 43 33 80 16 2 1
32 10 357 196 200 59 41 103 257 63 38 7
31 6 378 178 195 42 50 74 147 39 13 2
33 5 389 213 195 53 67 51 131 34 10 0
39 3 414 282 284 92 83 37 93 24 2 1
30 3 404 171 180 53 31 49 71 19 3 0
36 6 424 229 261 70 70 69 181 35 13 2
29 4 393 166 158 42 40 61 88 28 5 1
30 6 382 175 168 50 42 73 144 36 13 2
33 1 431 208 205 58 57 16 26 7 0 0
28 9 328 153 157 27 41 117 204 48 33 3
33 2 442 224 211 46 47 26 49 17 1 0
24 2 365 103 102 41 30 27 39 9 0 1
21 4 324 87 89 17 17 57 67 17 6 0
31 4 422 194 180 46 45 46 92 32 5 1
27 2 372 142 126 40 43 29 46 8 1 0
29 2 389 157 153 47 49 30 49 9 1 0
36 7 387 249 241 71 69 70 205 47 17 4
35 2 426 254 233 52 56 28 51 19 1 0
33 4 410 216 216 56 40 60 109 23 4 2
30 3 400 171 174 50 40 38 72 18 2 1
37 4 442 275 264 65 62 46 119 29 3 3
36 3 438 239 272 49 70 38 87 21 3 0
26 3 346 122 120 43 40 39 59 19 2 1
31 2 444 184 190 44 47 19 50 12 1 0
35 2 435 199 274 51 71 24 55 15 1 0
40 3 436 300 317 75 88 26 91 29 2 1
24 2 363 119 103 25 29 24 42 6 1 0
31 3 418 185 198 53 29 31 71 22 2 1
27 5 360 137 136 43 35 75 118 17 9 1
26 5 331 137 124 31 33 71 103 27 9 1
21 7 299 94 81 14 21 97 120 27 18 3
34 3 417 226 219 62 54 40 74 28 2 1
31 3 399 180 197 48 40 34 71 22 3 0
30 3 393 172 185 37 41 42 72 18 3 0
29 9 350 146 177 34 49 112 209 52 28 8
30 3 381 164 177 45 49 36 66 24 3 0
31 3 403 201 177 39 48 43 77 16 2 1
35 3 437 232 241 54 68 34 86 19 3 0
37 6 399 245 290 67 64 66 181 41 14 1
26 3 375 137 129 31 28 38 64 14 2 1
34 2 426 227 228 53 53 21 49 19 1 0
30 6 363 171 173 38 53 90 147 33 11 4
30 6 372 175 164 46 50 86 153 27 15 0
28 4 366 140 163 40 35 55 85 27 5 1
34 2 447 233 229 56 43 29 52 16 1 0
34 1 429 226 217 59 59 13 31 3 0 0
34 5 423 228 225 57 51 55 135 35 7 3
33 5 417 209 216 57 46 54 131 34 9 1
41 4 423 319 336 81 84 49 120 44 5 1
28 3 368 158 136 34 50 43 67 17 3 0
38 3 447 269 291 67 76 28 88 26 3 0
29 6 372 133 182 35 56 67 142 32 15 0
27 2 361 136 141 44 30 27 46 8 1 0
29 3 384 164 151 44 47 50 73 14 2 1
25 6 332 126 116 30 28 78 113 37 11 4
32 1 414 205 200 35 56 17 26 6 0 0
38 5 420 265 287 71 80 63 151 39 7 3
30 3 385 177 159 47 52 41 70 20 3 0
37 5 411 248 272 64 82 54 153 32 8 2
24 3 337 111 103 32 30 43 67 5 3 0
33 3 416 205 221 47 55 47 80 19 3 0
34 5 409 231 225 49 56 53 133 37 9 1
34 5 396 222 241 42 56 56 133 37 7 3
24 3 337 108 100 35 33 41 57 15 3 0
25 2 364 133 115 21 31 24 33 17 1 0
31 1 410 194 184 46 41 17 22 9 0 0
23 4 333 101 93 29 30 52 75 17 4 2
34 3 406 231 221 54 55 37 69 33 3 0
41 3 430 314 330 94 82 33 97 26 3 0
30 5 389 168 170 53 44 67 114 36 9 1
31 5 375 186 186 54 39 64 117 38 8 2
35 3 437 236 245 50 64 32 86 19 3 0
33 2 435 222 201 50 55 30 52 14 1 0
31 2 402 193 184 45 43 36 52 10 0 1
25 3 356 121 113 33 33 54 63 12 2 1
32 6 415 164 237 43 52 69 160 32 9 6
30 4 391 176 173 48 38 48 96 24 5 1
32 4 387 204 198 51 43 42 106 22 4 2
26 6 345 128 134 37 26 72 117 39 12 3
30 5 378 168 171 41 55 45 116 34 10 0
32 5 409 162 228 45 61 51 125 35 9 1
37 6 392 273 264 63 66 62 175 47 13 2
35 4 408 248 234 58 55 57 109 31 5 1
34 5 397 202 246 51 62 55 135 35 7 3
35 2 430 242 227 64 62 33 54 16 1 0
28 3 380 148 160 39 31 49 64 20 2 1
30 5 379 176 172 45 42 60 117 33 8 2
29 7 377 155 165 49 37 73 158 45 16 5
35 5 392 235 241 59 60 63 134 41 8 2
28 3 384 140 150 47 41 44 64 20 3 0
38 2 439 276 286 60 81 30 61 15 1 0
41 4 425 335 327 85 73 40 132 32 5 1
30 4 396 146 182 54 53 54 103 17 2 4
32 2 408 195 202 57 42 26 50 14 1 0
30 3 391 161 174 48 52 33 77 13 3 0
24 5 328 113 112 27 24 88 94 26 8 2
30 11 332 182 179 42 32 125 264 66 46 9
29 4 366 158 167 46 35 49 96 20 6 0
27 4 380 138 151 32 30 48 89 19 6 0
28 3 379 136 171 35 36 42 64 20 3 0
39 1 465 255 343 53 90 13 35 4 0 0
33 1 408 223 199 49 57 14 19 14 0 0
24 1 338 112 110 31 23 13 22 2 0 0
30 4 391 170 162 54 49 48 99 21 4 2
28 5 357 155 133 37 53 62 112 28 9 1
32 3 392 200 186 55 55 41 75 21 3 0
32 7 384 200 206 47 43 83 178 46 18 3
29 3 388 158 164 40 44 46 66 21 3 0
31 9 354 179 190 41 55 130 229 50 26 10
34 7 383 216 233 64 48 86 184 54 20 1
35 4 380 243 223 63 66 47 113 27 5 1
31 7 372 179 189 41 56 83 170 47 20 1
34 3 415 231 208 57 65 30 82 20 3 0
31 8 392 183 194 45 43 90 206 42 24 4
32 2 422 199 194 56 47 18 51 13 1 0
27 4 372 141 127 39 44 50 85 23 6 0
38 4 417 275 289 70 69 48 118 34 3 3
34 5 401 223 215 62 61 58 137 33 10 0
33 3 425 216 215 56 41 31 75 24 2 1
35 4 423 212 254 64 65 40 112 28 4 2
40 2 444 314 308 77 81 23 57 23 1 0
39 0 462 294 284 74 89 0 0 0 0 0
32 5 393 200 210 55 31 55 124 36 8 2
27 6 343 101 179 25 46 65 130 32 11 4
29 4 386 154 166 44 42 57 91 25 2 4
35 2 418 226 261 50 58 25 52 18 1 0
27 6 325 137 133 43 38 69 128 34 10 5
30 3 407 176 181 40 38 43 69 21 1 2
26 3 378 138 124 27 36 42 57 21 2 1
33 4 419 178 237 52 61 42 107 25 3 3
30 3 411 186 166 38 45 44 75 15 3 0
38 3 460 292 278 65 68 34 95 19 3 0
27 3 371 131 136 49 35 32 63 18 3 0
31 4 386 185 173 55 52 45 99 25 3 3
25 3 374 126 118 30 26 39 63 12 2 1
25 5 333 131 113 25 31 86 99 26 9 1
27 3 373 148 136 34 33 54 65 16 2 1
22 5 298 100 86 20 25 70 86 24 8 2
39 4 442 298 300 70 73 34 126 30 5 1
32 5 391 188 204 43 61 54 130 30 8 2
23 4 354 110 98 22 23 55 72 20 4 2
32 4 395 201 199 55 41 57 103 25 3 3
27 1 385 149 137 27 38 18 19 8 0 0
38 4 449 264 307 61 71 37 116 36 5 1
32 2 405 197 190 50 59 28 53 11 1 0
25 6 325 119 117 37 27 72 113 37 11 4
28 7 344 155 147 40 36 90 161 35 19 2
35 3 411 242 241 52 60 46 78 27 3 0
28 6 360 160 156 32 30 87 130 38 10 5
40 5 453 312 315 72 81 44 153 47 10 0
25 3 371 118 129 26 27 51 58 17 3 0
27 6 341 132 152 30 37 88 125 37 11 4
32 7 383 209 198 43 46 93 184 40 15 6
31 4 383 165 205 45 50 53 99 25 3 3
36 2 437 266 245 58 61 25 56 16 1 0
24 5 350 118 116 26 16 84 97 23 8 2
31 2 401 188 189 46 42 33 50 12 0 1
30 5 372 153 191 47 44 65 118 32 6 4
27 5 366 143 133 39 36 69 106 29 8 2
31 3 372 191 176 49 49 48 71 22 1 2
30 2 425 178 167 47 43 29 50 10 1 0
23 4 332 102 112 18 21 56 70 22 4 2
34 3 409 223 219 66 53 43 76 26 2 1
36 5 406 259 253 61 57 62 141 39 8 2
33 2 459 226 209 46 47 27 51 15 1 0
27 8 325 105 171 35 40 104 171 45 21 7
36 5 390 253 245 70 62 77 146 34 5 5
27 2 374 135 146 35 35 26 45 9 1 0
33 1 444 198 208 62 60 8 26 7 0 0
32 4 390 213 192 42 49 46 102 26 5 1
35 5 400 226 244 60 65 58 144 31 7 3
40 3 457 319 315 77 69 29 89 31 3 0
25 3 354 115 114 41 30 41 62 13 3 0
34 5 400 234 229 55 43 61 119 51 8 2
28 1 366 154 143 33 48 24 24 4 0 0
38 3 435 234 327 63 79 43 95 19 3 0
27 5 386 134 156 28 33 77 108 27 8 2
31 4 408 189 182 51 43 40 95 29 3 3
27 3 374 142 129 40 40 31 61 20 2 1
29 3 391 169 160 39 38 34 69 18 3 0
35 3 431 245 232 59 59 30 87 18 1 2
31 3 404 190 193 38 44 49 67 26 3 0
24 7 338 121 109 23 23 89 133 35 15 6
34 6 389 227 239 46 49 78 157 47 11 4
26 9 348 126 146 27 26 106 179 55 30 6
30 2 391 187 168 37 43 28 44 16 1 0
31 4 394 173 187 55 50 55 102 22 5 1
37 1 476 274 270 68 54 10 31 6 0 0
37 1 460 256 274 66 70 10 28 9 0 0
36 5 417 259 249 49 73 65 147 33 8 2
34 4 417 232 224 53 52 47 103 33 4 2
43 3 453 376 349 86 92 30 114 15 3 0
31 2 401 197 175 41 52 19 49 13 1 0
36 8 380 272 256 51 51 97 223 65 24 4
31 4 392 194 189 46 36 52 99 25 5 1
30 5 390 181 170 43 41 74 114 36 8 2
23 6 333 102 103 28 20 84 106 32 13 2
27 6 350 123 165 29 34 88 125 37 14 1
41 5 425 327 332 81 80 56 170 35 8 2
35 1 449 220 236 66 73 12 28 7 0 0
33 1 461 221 208 45 54 11 28 5 0 0
25 5 356 117 121 37 25 62 99 26 9 1
35 4 415 239 235 55 66 44 112 28 6 0
34 4 375 236 212 53 60 62 105 31 6 0
28 5 365 153 143 42 40 74 114 26 6 4
31 2 422 195 174 43 53 23 48 14 1 0
35 4 444 248 229 46 72 38 119 21 6 0
30 2 413 170 181 46 38 27 48 12 1 0
32 3 414 202 204 50 40 33 79 17 3 0
31 4 404 186 188 54 37 57 97 27 5 1
32 2 413 203 188 49 56 36 51 13 1 0
22 5 311 89 91 28 23 70 88 22 8 2
36 4 433 252 253 56 69 40 113 31 5 1
31 1 416 178 191 56 40 16 21 10 0 0
41 7 410 345 321 75 79 71 231 56 14 7
31 1 426 200 176 34 55 16 21 10 0 0
33 2 404 222 207 44 55 23 56 10 0 1
29 6 380 167 152 41 46 71 147 27 13 2
34 9 379 207 231 66 57 93 251 55 33 3
40 6 397 302 294 94 90 63 204 36 10 5
33 2 396 206 213 64 45 27 52 14 1 0
35 2 405 247 232 57 59 24 56 14 1 0
27 7 353 155 145 27 24 93 162 27 19 2
34 5 387 216 236 48 61 63 129 41 8 2
32 2 391 200 196 47 53 23 50 14 0 1
34 9 374 212 227 68 54 98 245 61 26 10
46 2 483 416 411 97 111 27 73 19 1 0
27 7 362 141 148 39 23 75 145 44 17 4
29 7 348 145 162 53 46 99 164 39 20 1
34 2 420 237 212 52 60 32 54 14 0 1
34 6 401 236 234 52 39 72 155 49 13 2
40 0 450 287 319 77 97 0 0 0 0 0
32 3 395 185 202 62 47 36 76 20 3 0
34 3 408 194 262 46 59 37 78 24 1 2
37 3 434 260 265 76 65 29 87 24 3 0
36 6 374 241 249 67 73 76 169 47 12 3
34 2 425 204 244 60 53 24 55 13 1 0
40 2 453 312 315 72 81 27 55 25 1 0
33 3 413 215 209 57 47 40 86 13 1 2
27 3 346 132 147 30 42 38 72 9 3 0
33 8 398 203 227 49 49 92 211 53 24 4
29 4 374 167 169 31 39 49 83 33 6 0
22 2 305 94 79 26 32 31 32 12 1 0
31 2 427 174 175 66 50 23 52 10 1 0
49 5 409 465 455 135 121 44 201 44 10 0
28 4 379 123 177 37 41 49 97 15 4 2
31 6 374 192 183 48 42 67 155 31 13 2
28 3 362 141 154 51 32 50 60 24 2 1
23 3 331 110 99 22 22 46 53 16 3 0
36 6 400 236 260 63 71 66 170 46 13 2
30 4 398 153 199 36 47 52 94 26 5 1
24 5 321 106 116 29 25 71 93 27 9 1
22 3 308 89 89 31 22 58 51 15 1 2
39 4 443 276 324 62 79 40 132 24 6 0
28 4 367 156 147 36 39 67 92 20 4 2
33 8 376 186 240 56 46 87 217 47 21 7
29 2 389 154 148 54 50 22 47 11 1 0
40 2 429 292 323 83 82 23 63 17 0 1
35 2 423 219 246 57 73 27 57 13 1 0
28 5 344 156 153 36 33 63 110 30 9 1
30 4 397 177 163 44 51 40 102 18 3 3
27 3 375 147 138 35 31 52 67 14 3 0
26 4 342 140 130 25 30 77 82 22 6 0
25 6 338 131 110 25 34 76 118 32 10 5
28 6 379 153 145 42 38 71 132 36 14 1
22 3 330 89 92 32 18 53 48 18 1 2
31 5 396 149 228 35 53 51 116 39 8 2
37 4 410 275 259 67 65 59 122 26 3 3
31 3 385 182 182 56 45 37 69 24 3 0
33 4 399 178 237 52 61 52 108 24 5 1
45 6 410 391 378 115 106 43 217 53 11 4
32 4 398 212 187 43 54 45 104 24 5 1
31 4 403 196 173 44 52 57 98 26 5 1
36 1 439 253 256 71 50 13 23 13 0 0
22 1 342 100 90 21 20 20 19 3 0 0
25 7 319 123 114 31 32 82 139 36 19 2
31 5 385 188 187 50 40 57 121 34 10 0
29 4 385 161 158 49 38 47 91 25 3 3
33 0 455 215 203 51 59 0 0 0 0 0
30 5 358 179 170 45 41 59 114 36 10 0
35 3 412 240 231 66 58 30 89 16 2 1
20 5 283 72 81 19 18 67 75 25 8 2
40 7 391 316 314 84 66 68 222 58 15 6
26 7 329 132 131 36 26 79 140 42 16 5
40 2 461 317 302 82 79 18 64 16 1 0
32 5 407 175 218 45 58 50 128 32 9 1
28 9 346 157 149 38 34 109 197 55 29 7
34 6 393 231 220 58 52 83 164 40 10 5
33 5 416 215 229 51 33 66 134 31 8 2
38 3 449 230 335 67 71 29 87 27 3 0
30 3 399 185 182 31 37 35 71 19 2 1
22 4 299 93 87 27 24 69 67 21 6 0
33 2 429 214 209 56 49 28 49 17 0 1
30 2 403 181 170 44 40 33 47 13 1 0
23 5 332 102 102 24 25 66 93 22 8 2
33 2 418 217 203 53 55 25 52 14 1 0
26 4 359 132 125 37 31 48 83 21 6 0
35 2 449 249 235 57 54 26 54 16 0 1
25 4 341 123 110 31 36 64 80 20 5 1
31 2 380 192 170 46 57 22 46 16 1 0
33 4 386 219 198 53 58 54 112 20 4 2
32 1 396 200 180 56 60 13 27 5 0 0
33 0 437 221 204 45 58 0 0 0 0 0
39 3 423 286 295 74 86 42 98 19 2 1
32 4 396 210 199 46 41 61 102 26 6 0
29 3 379 162 158 48 38 41 65 22 2 1
28 3 380 151 150 41 36 37 64 20 2 1
33 6 371 195 228 47 58 81 154 44 13 2
39 3 433 296 292 78 75 30 97 20 3 0
27 5 386 117 147 45 42 58 116 19 7 3
36 5 407 260 243 60 67 49 150 30 8 2
33 3 414 222 205 48 53 46 73 26 3 0
32 5 387 168 221 39 68 57 130 30 10 0
26 8 338 130 128 38 29 107 167 41 22 6
28 6 375 155 151 40 32 75 133 35 12 3
44 3 451 383 369 92 102 23 109 23 3 0
34 6 400 231 227 54 49 79 163 41 10 5
27 4 353 146 142 34 29 62 86 22 5 1
25 5 323 126 117 28 29 70 94 31 9 1
39 4 431 285 292 75 89 36 128 28 5 1
42 8 391 339 345 102 75 71 264 72 21 7
36 1 441 249 246 71 64 11 30 6 0 0
29 7 365 163 158 45 40 96 159 44 14 7
28 4 378 157 141 38 42 48 93 19 6 0
32 5 378 195 189 60 52 68 116 44 10 0
33 0 431 205 216 55 52 0 0 0 0 0
38 4 427 244 292 81 86 45 127 25 6 0
34 6 390 216 234 57 54 74 166 38 14 1
30 4 373 180 177 41 37 61 87 33 6 0
29 4 362 166 162 38 40 56 92 24 5 1
31 6 383 155 222 29 59 97 150 36 12 3
34 6 384 232 228 48 53 82 151 53 12 3
34 5 403 220 217 65 59 51 139 31 9 1
34 4 409 221 234 52 54 53 108 28 6 0
30 5 378 166 192 43 34 69 122 28 7 3
32 9 372 182 212 49 53 110 240 48 31 5
34 1 457 226 227 54 54 14 28 6 0 0
34 6 394 196 241 57 67 76 160 44 15 0
39 6 412 290 299 78 74 61 186 48 13 2
35 5 397 236 228 64 67 62 142 33 9 1
39 6 394 285 313 75 68 85 189 45 15 0
33 3 400 211 210 59 48 46 77 22 2 1
22 6 309 100 89 20 22 90 109 23 12 3
29 2 384 154 156 50 46 32 43 15 1 0
38 1 458 295 270 65 73 18 30 8 0 0
29 6 370 166 163 32 45 86 138 36 12 3
38 4 418 283 281 62 77 46 124 28 5 1
26 3 367 139 119 29 38 36 64 14 3 0
25 5 360 106 130 38 26 77 98 27 10 0
32 7 395 202 202 38 54 77 185 39 18 3
33 1 420 218 211 52 47 15 21 12 0 0
41 3 442 312 333 78 97 30 93 30 3 0
31 5 383 191 190 47 37 65 128 27 7 3
35 1 437 238 243 66 48 11 26 9 0 0
29 3 382 174 158 36 38 42 66 21 3 0
32 2 410 200 195 52 49 28 50 14 0 1
29 1 407 160 152 50 44 8 24 5 0 0
36 2 423 258 249 65 58 21 64 8 1 0
34 9 359 218 223 62 58 117 258 48 29 7
28 8 368 139 173 32 34 103 178 46 25 3
30 10 358 175 182 34 44 126 243 57 40 5
33 5 396 211 206 49 62 59 132 33 9 1
26 5 379 137 129 31 28 68 100 30 10 0
22 3 327 85 86 36 24 44 54 12 3 0
28 6 369 138 156 42 42 65 134 34 12 3
29 2 405 163 163 41 39 30 45 13 1 0
24 4 353 115 107 28 26 54 76 20 3 3
23 4 320 105 88 27 33 54 72 20 6 0
31 0 443 184 197 44 40 0 0 0 0 0
34 4 415 234 219 51 57 55 109 27 5 1
37 2 420 264 276 66 60 39 63 11 1 0
38 2 426 286 281 75 61 29 65 11 0 1
34 7 383 225 221 64 51 92 199 39 14 7
30 3 402 174 173 42 46 43 66 24 3 0
28 3 378 150 150 42 36 32 62 22 3 0
32 3 402 179 214 52 51 42 75 21 1 2
36 4 434 257 253 63 57 44 121 23 5 1
27 2 364 141 124 41 45 26 43 11 1 0
34 1 439 226 213 62 60 11 29 5 0 0
33 2 398 180 225 50 73 18 58 8 1 0
31 2 415 189 182 45 49 28 49 13 1 0
31 2 394 189 175 51 50 37 48 14 1 0
36 4 440 254 250 66 60 51 115 29 5 1
26 3 355 132 129 36 28 39 64 14 3 0
34 6 409 228 221 52 60 68 165 39 11 4
27 4 380 150 143 26 32 55 90 18 4 2
37 2 408 272 262 70 62 26 59 15 1 0
38 3 455 233 332 64 74 28 90 24 3 0
36 4 423 261 246 59 64 38 115 29 5 1
30 1 422 178 173 46 38 12 24 6 0 0
39 4 426 311 293 67 70 46 124 32 5 1
28 2 397 153 139 39 47 21 49 7 1 0
38 6 419 287 276 58 82 66 191 37 12 3
33 4 407 207 208 59 54 52 108 24 4 2
36 4 426 244 267 55 64 44 116 28 4 2
33 1 439 222 205 48 53 9 28 5 0 0
46 4 446 411 424 109 91 34 139 45 6 0
36 5 425 226 267 62 75 50 148 32 5 5
20 7 294 72 72 24 22 96 119 21 15 6
41 1 472 334 320 80 86 13 32 9 0 0
32 2 419 189 203 51 53 24 48 16 1 0
31 2 410 186 183 52 44 30 48 14 1 0
28 3 387 155 144 40 39 38 67 17 3 0
31 3 419 196 175 44 50 35 76 17 3 0
39 2 432 293 293 85 70 26 55 23 0 1
30 4 388 177 166 44 48 52 92 28 4 2
39 5 403 308 292 72 69 55 152 43 5 5
23 4 353 97 94 29 33 46 75 17 5 1
34 4 409 228 217 60 56 48 112 24 4 2
29 4 373 155 173 43 35 62 85 31 4 2
31 6 386 195 186 45 39 66 159 27 12 3
36 1 438 258 238 65 69 12 26 10 0 0
37 5 427 244 306 56 60 65 152 33 7 3
29 4 387 162 165 36 43 58 86 30 5 1
39 5 437 277 303 83 78 51 163 32 5 5
26 4 342 120 134 40 31 61 84 20 4 2
32 3 394 211 205 41 39 35 79 17 2 1
32 7 394 199 212 41 44 74 177 47 18 3
31 6 366 190 185 50 40 78 146 40 14 1
26 9 329 133 131 32 29 132 186 48 30 6
33 5 388 207 216 53 52 67 130 35 8 2
28 6 368 134 170 26 48 76 134 34 12 3
33 3 434 228 207 42 51 31 84 15 2 1
33 6 370 196 220 56 56 63 161 37 11 4
35 6 411 204 270 60 61 71 179 31 12 3
27 4 357 137 138 33 43 55 85 23 5 1
37 6 412 253 288 59 66 74 181 41 13 2
28 5 368 153 154 42 29 71 113 27 7 3
31 2 406 186 179 52 48 26 49 13 1 0
25 3 375 123 117 33 27 39 61 14 1 2
42 4 408 333 337 104 87 38 136 32 6 0
29 4 394 164 158 44 40 54 92 24 6 0
37 9 377 270 263 70 63 95 265 68 28 8
25 5 318 129 113 25 33 67 96 29 7 3
32 4 428 202 200 53 41 56 103 25 4 2
29 2 391 161 160 43 42 34 47 11 1 0
35 1 419 246 221 60 68 11 30 5 0 0
27 4 366 140 138 30 43 46 89 19 5 1
34 4 419 215 233 49 64 45 112 24 5 1
32 3 427 204 185 52 55 40 80 16 3 0
36 1 426 262 243 62 63 15 25 11 0 0
41 6 398 334 319 80 87 69 200 46 12 3
34 7 405 219 233 61 48 64 180 58 20 1
29 1 405 152 158 46 50 15 25 4 0 0
29 3 386 157 160 41 48 38 71 16 2 1
28 5 342 152 149 35 42 65 111 29 8 2
26 4 339 130 123 38 34 63 83 21 5 1
30 1 408 175 166 49 45 11 25 5 0 0
26 7 361 117 148 27 33 94 152 30 15 6
37 3 438 270 264 66 66 27 86 25 1 2
39 4 396 288 293 90 70 46 121 35 4 2
27 5 375 143 133 37 38 62 101 34 7 3
32 3 392 205 198 47 46 44 72 24 3 0
28 4 364 155 162 40 21 58 80 32 5 1
32 3 416 201 182 55 58 35 77 19 3 0
35 2 425 225 257 61 52 21 50 20 1 0
33 5 394 222 215 44 47 62 127 38 7 3
27 3 346 140 134 42 35 50 64 17 2 1
36 1 444 235 272 64 59 13 27 9 0 0
32 3 429 200 195 55 46 30 76 20 2 1
38 3 453 291 277 61 74 34 94 20 3 0
33 3 409 209 203 63 53 34 78 21 3 0
28 5 352 156 138 40 44 64 113 27 10 0
32 7 393 184 205 56 51 80 181 43 19 2
36 6 404 228 267 71 64 61 173 43 12 3
32 5 405 198 214 42 42 64 123 37 9 1
41 6 391 316 334 98 72 67 194 52 10 5
29 4 389 163 163 41 39 50 93 23 5 1
24 4 349 114 104 26 32 60 74 22 4 2
29 4 376 166 153 38 49 45 94 22 6 0
21 4 315 87 88 23 12 67 62 22 4 2
27 3 363 144 132 38 37 45 69 12 3 0
28 1 374 154 134 42 48 11 22 6 0 0
31 6 385 189 182 51 43 80 151 35 13 2
39 5 422 288 316 72 65 58 157 38 7 3
32 1 422 200 204 47 45 10 29 3 0 0
34 2 418 219 216 61 65 25 56 12 1 0
31 3 382 197 173 43 52 45 72 21 3 0
33 5 399 182 235 48 63 52 128 37 8 2
29 5 370 161 165 49 31 69 118 27 9 1
38 2 430 280 265 80 78 28 59 17 0 1
34 3 424 228 214 61 58 39 72 30 2 1
37 1 437 277 263 65 61 16 25 12 0 0
30 4 372 182 169 39 45 53 92 28 6 0
28 5 370 156 149 39 34 67 109 31 7 3
35 2 442 243 229 63 60 17 57 13 0 1
40 6 419 303 311 88 78 62 193 47 11 4
34 4 412 201 245 52 63 42 109 27 5 1
33 2 435 221 215 49 43 35 50 16 1 0
37 4 430 251 278 61 76 43 120 28 5 1
31 4 381 178 186 42 59 56 99 25 5 1
25 7 340 116 117 40 27 98 132 43 16 5
31 6 369 170 211 40 44 77 148 38 12 3
33 3 401 213 213 39 63 45 76 23 2 1
31 2 400 188 179 50 48 24 48 14 1 0
34 6 398 224 220 64 53 66 165 39 12 3
27 6 360 137 129 45 40 76 131 31 13 2
26 8 345 128 134 32 31 99 165 43 24 4
30 2 403 172 163 44 56 29 48 12 1 0
30 2 404 182 176 39 38 30 42 18 0 1
37 3 428 247 281 65 73 28 90 21 2 1
25 2 363 120 113 30 37 26 39 11 1 0
28 3 373 155 144 37 42 52 69 15 2 1
37 3 433 268 272 68 58 28 89 22 3 0
24 5 329 109 111 31 25 63 95 25 8 2
37 3 418 265 270 71 60 45 92 19 3 0
33 3 418 176 249 40 63 29 77 22 3 0
39 2 456 293 294 85 69 15 65 13 1 0
24 5 335 121 98 22 35 73 96 24 10 0
28 3 396 141 151 46 40 44 71 13 3 0
28 4 360 146 151 41 40 54 86 26 5 1
41 7 426 341 330 73 76 77 236 51 18 3
34 4 413 225 227 48 61 47 105 31 3 3
31 3 377 195 176 45 49 42 66 27 3 0
33 5 398 196 230 46 56 62 134 31 8 2
28 2 372 145 146 47 40 38 42 14 1 0
31 5 387 173 194 47 51 58 128 27 7 3
35 2 427 226 231 80 58 24 57 13 1 0
30 4 390 174 171 47 43 56 94 26 6 0
26 5 356 135 131 33 26 72 103 27 8 2
29 2 391 171 157 33 45 41 44 14 1 0
27 8 351 139 147 31 34 97 171 45 25 3
28 6 357 156 150 39 33 76 133 35 10 5
36 4 411 260 253 55 62 54 115 29 5 1
24 6 324 103 110 32 31 77 123 21 11 4
21 3 331 84 80 24 22 33 47 16 3 0
30 4 419 186 167 39 43 51 101 19 5 1
26 3 363 135 119 33 38 50 66 12 2 1
28 4 386 148 146 47 37 39 90 22 3 3
29 4 372 161 153 49 43 47 93 23 5 1
29 6 368 164 158 40 44 78 137 37 13 2
28 5 384 161 152 31 34 59 110 30 10 0
27 3 400 145 138 37 31 32 65 16 3 0
26 6 320 132 126 36 31 89 124 32 9 6
31 3 406 201 182 39 43 34 72 21 2 1
28 4 372 151 148 36 43 44 92 20 2 4
30 9 351 173 185 43 34 111 216 54 28 8
35 0 437 241 222 59 73 0 0 0 0 0
33 3 413 207 210 59 52 38 80 19 2 1
33 4 392 205 210 61 52 53 102 30 6 0
26 3 384 132 142 28 23 34 53 25 3 0
33 4 400 199 212 53 64 54 111 21 5 1
37 4 411 269 268 53 76 48 115 33 6 0
31 9 354 163 218 47 37 106 229 50 25 11
34 2 429 208 243 56 54 29 56 12 1 0
25 2 356 128 110 28 34 31 39 11 1 0
27 2 384 143 132 39 37 30 42 12 0 1
30 6 377 165 178 51 41 70 137 43 12 3
43 5 420 384 355 76 88 53 168 47 7 3
30 6 377 170 168 46 51 82 145 35 15 0
37 5 407 261 261 81 63 63 148 37 8 2
37 6 417 269 262 67 68 63 182 40 13 2
33 9 360 200 217 60 51 105 236 61 31 5
37 5 424 273 256 67 70 45 151 34 9 1
30 1 398 164 169 60 42 13 20 10 0 0
30 3 382 157 173 52 53 38 69 21 2 1
35 6 402 241 230 65 59 76 165 45 12 3
33 4 421 209 207 57 55 39 111 21 4 2
38 1 470 294 283 67 59 10 32 6 0 0
25 3 357 125 114 31 30 39 58 17 2 1
28 2 399 149 143 47 39 20 44 12 1 0
31 2 412 177 181 57 50 26 54 8 1 0
40 5 407 323 305 76 76 48 151 49 8 2
27 5 362 150 138 26 37 60 116 19 9 1
28 3 387 159 152 33 34 35 62 22 3 0
30 8 369 171 178 38 48 104 194 46 25 3
28 4 373 165 147 31 35 54 87 25 4 2
31 5 381 170 201 40 54 61 122 33 8 2
42 4 443 343 330 94 94 35 135 33 5 1
34 3 405 228 223 61 49 46 79 23 2 1
37 6 404 276 262 66 62 71 183 39 10 5
30 2 401 184 156 40 55 34 49 11 1 0
18 9 267 61 54 19 19 132 129 33 30 6
27 3 385 159 135 23 34 40 62 19 3 0
30 6 369 152 200 37 46 81 146 34 10 5
33 8 373 199 218 53 58 102 211 53 23 5
27 5 382 137 128 39 47 54 112 23 10 0
33 4 398 212 198 58 60 51 110 22 5 1
29 4 384 165 166 33 42 61 88 28 5 1
37 2 455 267 270 63 66 19 63 11 1 0
31 4 385 167 200 43 55 55 98 26 5 1
27 4 370 145 141 35 30 52 86 22 3 3
39 1 425 282 280 96 83 12 28 11 0 0
27 3 387 138 158 24 31 40 65 16 1 2
29 7 375 174 153 36 43 75 163 40 20 1
41 4 434 338 329 76 77 36 130 34 5 1
29 3 396 167 154 43 42 36 68 19 2 1
37 3 427 264 268 66 68 36 86 25 2 1
36 1 423 258 233 66 73 10 26 10 0 0
32 4 395 210 194 42 50 50 103 25 4 2
33 4 416 209 204 57 58 57 104 28 4 2
29 6 374 153 164 45 44 75 143 31 12 3
35 3 408 215 267 49 64 31 85 20 3 0
30 3 387 180 169 44 42 37 74 16 3 0
29 1 419 163 154 45 44 13 24 5 0 0
28 2 378 150 150 42 36 32 43 13 1 0
31 6 386 190 183 48 44 71 148 38 13 2
30 5 373 174 177 50 34 70 114 36 9 1
29 8 347 156 161 52 37 98 192 40 23 5
29 7 372 119 198 35 54 92 162 41 17 4
29 9 363 154 173 36 43 96 206 55 33 3
34 1 429 222 221 63 55 17 27 7 0 0
35 3 440 224 239 70 62 31 86 19 3 0
33 5 413 170 242 46 70 65 141 24 9 1
47 5 473 454 433 96 98 38 188 47 8 2
34 2 407 224 213 64 60 21 55 13 0 1
24 3 346 122 101 21 32 32 61 11 3 0
34 5 384 220 218 65 58 73 133 37 9 1
29 2 384 155 174 35 42 24 45 13 1 0
36 7 422 251 252 57 70 60 199 53 18 3
29 4 403 161 163 43 39 38 90 26 5 1
28 2 371 151 140 45 42 23 44 12 1 0
34 2 431 209 239 55 58 30 52 16 1 0
27 6 366 144 136 32 39 71 134 28 15 0
41 3 442 333 326 75 86 32 97 26 3 0
32 3 407 198 191 58 49 28 80 16 1 2
26 3 359 128 121 37 39 44 61 17 2 1
36 4 420 254 250 66 60 47 111 33 5 1
34 2 442 231 225 54 51 25 51 17 1 0
32 5 398 202 193 50 51 72 128 32 9 1
28 4 371 153 145 42 38 51 86 26 6 0
31 3 421 184 190 44 47 32 71 22 3 0
26 5 350 142 129 26 28 82 104 26 7 3
34 2 447 225 216 55 65 21 57 11 1 0
34 4 391 194 244 46 77 56 113 23 5 1
34 1 440 231 229 49 52 10 29 5 0 0
30 3 412 179 176 45 35 51 71 19 3 0
36 5 413 254 250 66 60 51 142 38 8 2
35 1 431 229 232 75 59 8 25 10 0 0
27 5 351 131 147 39 34 66 109 26 7 3
37 3 420 267 262 75 62 32 89 22 3 0
35 6 386 233 239 53 70 82 170 40 11 4
36 5 415 246 263 62 59 46 144 36 7 3
27 5 345 146 142 36 27 60 98 37 9 1
35 9 364 240 230 64 61 94 257 58 28 8
21 3 318 80 81 30 19 48 48 15 1 2
32 4 417 198 200 57 41 47 102 26 5 1
37 7 401 257 288 65 56 76 208 51 17 4
23 8 317 106 101 26 20 106 151 33 18 10
34 3 410 226 220 63 52 42 78 24 3 0
30 3 396 187 164 37 47 34 72 18 3 0
32 5 399 197 203 50 46 60 132 28 9 1
36 5 436 225 291 50 64 43 143 37 8 2
25 4 345 126 113 30 31 58 83 17 3 3
35 2 447 241 230 65 59 14 51 19 0 1
40 4 424 336 301 55 88 45 128 32 6 0
34 6 392 221 222 59 59 67 160 44 13 2
30 2 415 173 170 48 44 21 48 12 0 1
27 6 353 149 142 33 27 85 128 34 10 5
34 3 413 226 215 59 61 35 84 18 3 0
34 4 396 211 236 53 61 48 108 28 4 2
36 5 418 249 255 59 67 51 149 31 9 1
34 5 396 225 221 55 60 72 140 30 9 1
35 2 435 244 241 62 48 29 55 15 0 1
34 1 417 213 222 60 66 12 28 6 0 0
42 3 444 345 332 87 97 26 104 22 3 0
24 5 320 112 114 31 19 71 89 31 9 1
34 6 400 233 214 55 59 65 162 42 12 3
35 3 399 228 252 66 49 44 85 20 3 0
28 5 383 159 147 36 36 68 110 30 7 3
28 3 369 156 140 39 43 36 66 18 1 2
23 2 330 102 97 28 26 30 34 12 1 0
40 5 421 291 325 84 80 53 165 35 8 2
27 6 354 141 133 41 36 76 128 34 11 4
39 2 426 247 337 77 80 28 58 20 0 1
35 5 417 235 231 65 64 62 147 28 10 0
27 3 358 133 137 43 38 34 64 17 1 2
35 2 426 236 238 64 57 30 56 14 1 0
29 3 400 155 175 25 51 37 66 21 1 2
43 1 471 326 400 80 97 10 32 11 0 0
28 6 374 153 148 39 38 82 133 35 13 2
28 3 403 170 137 25 46 46 68 16 3 0
36 0 439 242 246 73 69 0 0 0 0 0
29 2 384 160 157 44 45 37 47 11 0 1
31 1 407 184 172 54 55 10 25 6 0 0
30 3 403 171 168 53 43 43 71 19 2 1
25 7 354 111 133 25 31 82 133 42 18 3
27 3 380 148 140 28 35 45 59 22 3 0
32 2 403 198 200 49 49 24 51 13 0 1
27 10 325 149 142 31 29 138 220 50 34 11
27 5 354 135 137 47 32 64 104 31 7 3
30 2 395 185 171 40 39 35 48 12 1 0
31 6 385 191 179 49 46 58 153 33 14 1
29 5 371 166 158 44 38 72 113 32 7 3
30 2 400 176 169 45 45 34 43 17 0 1
34 3 412 221 218 68 54 43 83 19 1 2
39 5 415 297 283 77 84 50 161 34 8 2
39 5 422 300 288 80 73 58 153 42 10 0
35 3 425 244 236 62 53 32 74 31 2 1
30 3 393 162 185 47 41 44 72 18 3 0
33 3 440 218 208 52 50 50 76 23 3 0
32 3 397 191 199 56 50 34 84 12 2 1
37 9 365 270 267 70 59 95 260 73 32 4
28 2 394 142 147 50 39 22 41 15 1 0
30 2 387 160 177 56 42 27 47 13 1 0
23 1 347 101 98 31 23 12 18 5 0 0
29 4 383 160 165 48 33 57 90 26 6 0
24 5 347 119 111 21 25 75 95 25 8 2
32 4 368 200 200 55 41 63 107 21 4 2
28 5 362 141 155 46 36 52 112 28 8 2
36 5 411 258 243 65 64 62 143 37 9 1
29 3 390 157 164 47 38 43 66 21 1 2
32 3 396 210 195 46 45 42 74 22 3 0
27 4 359 133 135 47 36 58 85 23 5 1
36 4 422 259 251 56 64 58 120 24 5 1
29 6 362 150 164 48 44 73 142 32 13 2
33 5 391 208 211 62 47 69 126 39 6 4
33 8 383 202 226 50 50 96 211 53 22 6
37 4 425 254 275 68 69 39 114 34 5 1
26 6 329 113 145 31 36 77 115 41 13 2
33 5 393 210 205 60 53 63 131 34 6 4
34 2 425 231 220 58 52 34 56 12 0 1
39 5 413 282 322 68 69 66 161 34 8 2
39 2 461 320 295 60 66 29 60 18 0 1
33 3 424 217 198 55 58 34 84 15 3 0
30 11 318 175 171 46 43 124 262 68 45 10
28 7 339 116 176 31 55 99 161 35 17 4
31 2 406 177 189 57 42 18 48 14 1 0
38 4 435 250 315 62 76 47 130 22 5 1
22 4 329 97 85 23 26 62 75 13 4 2
30 3 381 173 174 48 40 50 76 14 2 1
36 2 430 258 242 65 65 23 62 10 1 0
35 7 390 218 251 68 58 75 193 52 15 6
34 7 385 222 228 58 53 84 194 44 17 4
39 4 431 275 299 75 92 43 127 29 6 0
36 3 422 241 254 74 61 38 81 27 3 0
30 6 375 157 181 59 38 73 146 34 14 1
31 6 396 190 178 48 49 71 140 46 15 0
25 4 373 132 110 22 36 50 80 20 5 1
32 2 404 212 193 43 48 33 48 16 1 0
23 4 312 109 94 23 27 59 73 19 6 0
