23 355 200 53 4222 4840 2179 881 651 520 1308 681 180 195 14
21 331 177 33 4228 4428 2032 808 581 505 834 423 98 93 6
17 268 110 26 3701 2783 1656 353 350 421 641 269 82 53 5
19 300 130 41 3858 3297 1936 425 398 465 1041 400 133 135 9
15 270 84 21 3500 2339 1937 228 340 468 609 182 76 44 1
20 329 148 42 4069 3894 2177 537 486 519 1081 458 152 137 8
20 310 146 44 3919 3653 1889 524 424 478 1117 456 136 144 16
21 339 164 46 4078 4169 2173 640 555 529 1217 521 142 154 15
22 316 195 36 4207 4585 1725 917 520 473 833 531 89 87 5
23 353 209 44 4211 5127 2163 981 642 564 1059 663 148 120 7
16 281 97 23 3623 2708 1935 298 348 484 631 211 90 42 9
22 340 185 46 4190 4550 2086 793 585 501 1128 584 146 153 10
19 290 136 35 3830 3371 1700 489 399 453 841 372 105 101 7
31 431 382 83 4540 8464 2369 2490 1093 600 1832 1626 224 356 23
15 234 89 16 3310 2215 1457 269 279 384 405 164 49 22 0
15 261 81 24 3469 2235 1813 208 318 466 637 188 73 53 6
15 251 78 27 3366 2056 1628 183 269 426 728 198 96 69 5
18 313 126 27 3932 3422 2179 452 488 534 717 299 103 62 3
16 272 92 28 3579 2484 1829 247 316 465 762 239 101 69 5
22 367 189 42 4209 4980 2490 840 655 580 1103 567 157 126 7
25 376 243 57 4435 5815 2245 1217 729 547 1395 874 178 190 19
22 313 186 45 4113 4304 1742 796 479 458 1093 599 109 134 11
28 404 302 76 4486 6998 2356 1659 861 550 1736 1280 226 315 22
26 387 261 64 4321 6117 2274 1339 809 566 1554 1003 193 241 17
19 306 134 37 3928 3418 1949 464 446 507 950 387 124 112 6
28 389 304 74 4411 6786 2109 1722 817 534 1673 1209 205 320 25
23 350 205 48 4217 5034 2163 942 616 513 1136 658 149 163 8
17 290 107 29 3725 2854 1917 322 400 481 792 286 97 67 5
18 308 126 27 3795 3357 2117 451 452 546 733 302 121 59 4
15 273 84 21 3484 2378 2025 231 325 513 622 179 86 41 4
15 267 80 25 3484 2209 1864 203 308 479 725 187 94 57 8
22 343 185 46 4266 4597 2122 802 569 519 1144 562 162 170 6
30 422 350 85 4486 7786 2316 2117 1013 570 1942 1539 242 371 33
19 294 128 43 3799 3160 1809 411 379 469 1120 401 127 141 16
15 246 84 21 3465 2205 1546 231 279 422 543 177 69 45 2
23 346 201 52 4197 4817 2056 873 614 516 1247 714 160 174 10
24 377 223 53 4332 5478 2340 1055 760 591 1323 786 175 169 14
17 253 103 33 3604 2514 1432 292 274 389 792 288 97 93 7
15 275 84 21 3461 2368 2016 231 358 514 598 176 84 47 1
20 323 156 34 4001 4075 2052 634 475 541 910 405 101 96 5
25 361 234 66 4287 5428 2123 1088 662 511 1530 925 191 268 19
20 344 161 29 4157 4317 2304 697 589 561 791 368 125 71 4
16 280 92 28 3596 2460 1933 257 356 459 812 226 108 65 12
18 308 127 26 3846 3474 2101 472 422 518 720 277 99 62 5
16 280 97 23 3640 2682 1984 285 357 480 624 228 90 47 0
30 429 343 92 4419 7800 2476 1973 1042 607 2069 1632 244 421 34
21 347 172 38 4144 4456 2264 718 608 562 984 511 142 92 9
18 304 127 26 3815 3344 1986 469 477 508 686 280 92 65 2
20 311 149 41 3930 3739 1954 553 465 467 992 448 124 127 12
26 378 259 66 4395 6051 2153 1306 729 541 1575 1029 183 240 25
13 202 57 21 2932 1426 1242 111 171 320 538 123 59 48 4
19 333 134 37 4003 3619 2366 464 534 542 1021 386 143 114 5
20 316 154 36 3983 3918 1914 605 484 547 910 427 104 103 5
18 297 121 32 3806 3208 1964 397 395 494 835 333 108 79 7
23 362 198 55 4208 4933 2261 861 633 547 1411 685 177 205 20
25 370 251 49 4450 5895 2098 1350 759 568 1183 779 142 165 6
28 380 301 77 4440 6673 2080 1637 771 510 1693 1295 176 325 19
21 339 164 46 4101 4168 2188 631 559 531 1184 536 155 151 12
16 250 92 28 3471 2350 1509 254 259 400 718 224 82 78 4
18 295 111 42 3785 2925 1907 301 361 470 1108 373 130 127 15
18 309 122 31 3823 3261 2120 407 455 520 858 325 112 81 3
13 231 64 14 3138 1834 1627 156 225 426 382 106 53 24 0
26 373 261 64 4398 6114 2136 1348 681 539 1481 986 184 248 18
22 354 183 48 4131 4691 2292 764 594 574 1225 606 165 156 14
19 298 135 36 3883 3343 1817 477 447 491 911 379 108 106 7
21 321 173 37 4100 4209 1910 748 539 520 909 467 112 109 6
17 289 109 27 3648 2979 1923 342 370 497 713 275 96 59 4
21 339 174 36 4157 4405 2161 748 593 546 905 484 142 94 4
17 277 108 28 3668 2808 1804 336 358 479 720 275 94 62 7
16 264 92 28 3461 2466 1690 245 287 454 732 247 94 59 9
19 312 133 38 3902 3535 2105 448 428 520 983 407 121 103 11
14 243 72 19 3322 1979 1718 179 253 401 502 146 86 35 4
24 372 215 61 4300 5258 2272 953 682 545 1514 824 210 223 24
21 337 176 34 4150 4512 2117 790 550 565 892 444 118 86 10
20 336 147 43 4026 3864 2249 522 543 550 1132 473 151 134 11
19 309 134 37 3947 3458 1988 465 433 499 998 387 120 109 8
20 303 145 45 3954 3525 1747 515 428 472 1112 455 132 155 15
20 336 154 36 4051 4075 2281 604 525 555 987 429 136 102 5
18 287 123 30 3759 3159 1784 420 370 481 776 315 102 78 3
15 257 82 23 3394 2237 1789 214 284 472 647 186 73 52 3
22 316 180 51 4059 4199 1751 715 486 487 1173 640 146 175 10
17 282 111 25 3730 2943 1862 357 361 483 679 274 84 46 3
20 311 150 40 3917 3746 1900 564 468 486 1005 443 111 122 11
25 392 239 61 4311 5846 2504 1157 833 591 1498 905 199 216 22
16 274 93 27 3621 2571 1918 262 325 450 705 225 92 66 7
21 334 166 44 4090 4198 2098 663 561 520 1068 517 146 131 19
20 325 150 40 4019 3871 2110 567 492 536 1044 438 138 123 12
21 340 165 45 4163 4246 2129 649 535 534 1148 521 168 146 14
13 218 67 11 3120 1814 1447 179 212 384 304 95 37 10 2
27 383 278 73 4369 6324 2127 1468 758 552 1692 1112 213 322 23
16 266 100 20 3660 2637 1685 320 357 448 497 202 71 36 2
29 395 319 87 4389 6982 2185 1764 851 565 1936 1465 220 391 34
20 312 154 36 4002 3835 1871 616 469 496 931 405 112 114 5
21 348 159 51 4095 4104 2283 580 568 539 1380 549 170 183 18
20 316 155 35 4021 3969 1945 631 466 529 873 396 115 105 8
18 274 118 35 3735 2929 1617 370 332 423 873 340 96 98 8
18 279 125 28 3807 3155 1709 439 362 429 706 307 79 69 1
20 314 153 37 4002 3867 1957 593 455 502 965 435 112 105 7
17 264 104 32 3607 2594 1579 298 310 440 834 289 88 88 5
17 283 110 26 3742 2852 1834 360 397 454 688 254 97 62 4
